<?xml version="1.0" encoding="UTF-8"?>
<!-- Generated by org.testng.reporters.JUnitReportReporter -->
<testsuite skipped="0" hostname="INL-CVSQ3G2" name="com.lambdatest.execution.RegistrationPage" tests="1" failures="0" timestamp="2019-12-09T11:51:31 IST" time="21.821" errors="0">
  <testcase name="VerifyRegistrationPageElements" time="21.821" classname="com.lambdatest.execution.RegistrationPage"/>
</testsuite> <!-- com.lambdatest.execution.RegistrationPage -->
