<?xml version="1.0" encoding="UTF-8"?>
<!-- Generated by org.testng.reporters.JUnitReportReporter -->
<testsuite skipped="0" hostname="INL-CVSQ3G2" name="com.lambdatest.execution.RegistrationPageTestSuite" tests="1" failures="0" timestamp="2019-12-11T12:44:43 IST" time="25.542" errors="0">
  <testcase name="VerifyRegistrationPageElements" time="25.542" classname="com.lambdatest.execution.RegistrationPageTestSuite"/>
</testsuite> <!-- com.lambdatest.execution.RegistrationPageTestSuite -->
