<?xml version="1.0" encoding="UTF-8"?>
<!-- Generated by org.testng.reporters.JUnitReportReporter -->
<testsuite skipped="0" hostname="INL-CVSQ3G2" name="com.lambdatest.execution.RegistrationPageTestSuite" tests="1" failures="0" timestamp="2019-12-13T12:20:06 IST" time="29.332" errors="0">
  <testcase name="VerifyRegistrationPageElements" time="29.332" classname="com.lambdatest.execution.RegistrationPageTestSuite"/>
</testsuite> <!-- com.lambdatest.execution.RegistrationPageTestSuite -->
